# JRE version: Java(TM) SE Runtime Environment (21.0.2+13) (build 21.0.2+13-LTS-58)
# Java VM: Java HotSpot(TM) 64-Bit Server VM (21.0.2+13-LTS-58, mixed mode, emulated-client, sharing, tiered, compressed oops, compressed class ptrs, g1 gc, windows-amd64)
GC Precious Log:
 CardTable entry size: 512
 Card Set container configuration: InlinePtr #cards 4 size 8 Array Of Cards #cards 16 size 48 Howl #buckets 8 coarsen threshold 3686 Howl Bitmap #cards 512 size 80 coarsen threshold 460 Card regions per heap region 1 cards per card region 4096
 CPUs: 12 total, 12 available
 Memory: 16208M
 Large Page Support: Disabled
 NUMA Support: Disabled
 Compressed Oops: Enabled (Zero based)
 Heap Region Size: 2M
 Heap Min Capacity: 8M
 Heap Initial Capacity: 254M
 Heap Max Capacity: 4054M
 Pre-touch: Disabled
 Parallel Workers: 10
 Concurrent Workers: 3
 Concurrent Refinement Workers: 10
 Periodic GC: Disabled
Heap:
 garbage-first heap   total 124928K, used 49657K [0x0000000702a00000, 0x0000000800000000)
  region size 2048K, 2 young (4096K), 1 survivors (2048K)
 Metaspace       used 86964K, committed 88192K, reserved 1179648K
  class space    used 12268K, committed 12864K, reserved 1048576K
GC Heap History (20 events):
Event: 5.183 GC heap before
{Heap before GC invocations=16 (full 0):
 garbage-first heap   total 98304K, used 82073K [0x0000000702a00000, 0x0000000800000000)
  region size 2048K, 28 young (57344K), 3 survivors (6144K)
 Metaspace       used 64119K, committed 64832K, reserved 1114112K
  class space    used 8893K, committed 9216K, reserved 1048576K
}
Event: 5.187 GC heap after
{Heap after GC invocations=17 (full 0):
 garbage-first heap   total 98304K, used 31947K [0x0000000702a00000, 0x0000000800000000)
  region size 2048K, 2 young (4096K), 2 survivors (4096K)
 Metaspace       used 64119K, committed 64832K, reserved 1114112K
  class space    used 8893K, committed 9216K, reserved 1048576K
}
Event: 5.516 GC heap before
{Heap before GC invocations=17 (full 0):
 garbage-first heap   total 98304K, used 85195K [0x0000000702a00000, 0x0000000800000000)
  region size 2048K, 28 young (57344K), 2 survivors (4096K)
 Metaspace       used 67956K, committed 68672K, reserved 1114112K
  class space    used 9386K, committed 9728K, reserved 1048576K
}
Event: 5.523 GC heap after
{Heap after GC invocations=18 (full 0):
 garbage-first heap   total 98304K, used 33171K [0x0000000702a00000, 0x0000000800000000)
  region size 2048K, 3 young (6144K), 3 survivors (6144K)
 Metaspace       used 67956K, committed 68672K, reserved 1114112K
  class space    used 9386K, committed 9728K, reserved 1048576K
}
Event: 5.826 GC heap before
{Heap before GC invocations=18 (full 0):
 garbage-first heap   total 98304K, used 82323K [0x0000000702a00000, 0x0000000800000000)
  region size 2048K, 28 young (57344K), 3 survivors (6144K)
 Metaspace       used 71289K, committed 72064K, reserved 1114112K
  class space    used 10073K, committed 10432K, reserved 1048576K
}
Event: 5.835 GC heap after
{Heap after GC invocations=19 (full 0):
 garbage-first heap   total 98304K, used 35716K [0x0000000702a00000, 0x0000000800000000)
  region size 2048K, 3 young (6144K), 3 survivors (6144K)
 Metaspace       used 71289K, committed 72064K, reserved 1114112K
  class space    used 10073K, committed 10432K, reserved 1048576K
}
Event: 6.086 GC heap before
{Heap before GC invocations=19 (full 0):
 garbage-first heap   total 98304K, used 82820K [0x0000000702a00000, 0x0000000800000000)
  region size 2048K, 27 young (55296K), 3 survivors (6144K)
 Metaspace       used 73694K, committed 74432K, reserved 1114112K
  class space    used 10403K, committed 10752K, reserved 1048576K
}
Event: 6.093 GC heap after
{Heap after GC invocations=20 (full 0):
 garbage-first heap   total 98304K, used 36936K [0x0000000702a00000, 0x0000000800000000)
  region size 2048K, 2 young (4096K), 2 survivors (4096K)
 Metaspace       used 73694K, committed 74432K, reserved 1114112K
  class space    used 10403K, committed 10752K, reserved 1048576K
}
Event: 6.507 GC heap before
{Heap before GC invocations=20 (full 0):
 garbage-first heap   total 98304K, used 84040K [0x0000000702a00000, 0x0000000800000000)
  region size 2048K, 26 young (53248K), 2 survivors (4096K)
 Metaspace       used 76430K, committed 77184K, reserved 1179648K
  class space    used 10817K, committed 11136K, reserved 1048576K
}
Event: 6.514 GC heap after
{Heap after GC invocations=21 (full 0):
 garbage-first heap   total 118784K, used 40128K [0x0000000702a00000, 0x0000000800000000)
  region size 2048K, 4 young (8192K), 4 survivors (8192K)
 Metaspace       used 76430K, committed 77184K, reserved 1179648K
  class space    used 10817K, committed 11136K, reserved 1048576K
}
Event: 57.372 GC heap before
{Heap before GC invocations=22 (full 0):
 garbage-first heap   total 118784K, used 99520K [0x0000000702a00000, 0x0000000800000000)
  region size 2048K, 33 young (67584K), 4 survivors (8192K)
 Metaspace       used 80417K, committed 81344K, reserved 1179648K
  class space    used 11435K, committed 11840K, reserved 1048576K
}
Event: 57.381 GC heap after
{Heap after GC invocations=23 (full 0):
 garbage-first heap   total 118784K, used 43031K [0x0000000702a00000, 0x0000000800000000)
  region size 2048K, 4 young (8192K), 4 survivors (8192K)
 Metaspace       used 80417K, committed 81344K, reserved 1179648K
  class space    used 11435K, committed 11840K, reserved 1048576K
}
Event: 57.764 GC heap before
{Heap before GC invocations=23 (full 0):
 garbage-first heap   total 118784K, used 106519K [0x0000000702a00000, 0x0000000800000000)
  region size 2048K, 32 young (65536K), 4 survivors (8192K)
 Metaspace       used 84389K, committed 85440K, reserved 1179648K
  class space    used 11901K, committed 12416K, reserved 1048576K
}
Event: 57.776 GC heap after
{Heap after GC invocations=24 (full 0):
 garbage-first heap   total 124928K, used 48211K [0x0000000702a00000, 0x0000000800000000)
  region size 2048K, 4 young (8192K), 4 survivors (8192K)
 Metaspace       used 84389K, committed 85440K, reserved 1179648K
  class space    used 11901K, committed 12416K, reserved 1048576K
}
Event: 75.365 GC heap before
{Heap before GC invocations=24 (full 0):
 garbage-first heap   total 124928K, used 95315K [0x0000000702a00000, 0x0000000800000000)
  region size 2048K, 28 young (57344K), 4 survivors (8192K)
 Metaspace       used 86536K, committed 87744K, reserved 1179648K
  class space    used 12229K, committed 12800K, reserved 1048576K
}
Event: 75.431 GC heap after
{Heap after GC invocations=25 (full 1):
 garbage-first heap   total 124928K, used 41059K [0x0000000702a00000, 0x0000000800000000)
  region size 2048K, 0 young (0K), 0 survivors (0K)
 Metaspace       used 86524K, committed 87744K, reserved 1179648K
  class space    used 12226K, committed 12800K, reserved 1048576K
}
Event: 76.090 GC heap before
{Heap before GC invocations=25 (full 1):
 garbage-first heap   total 124928K, used 108643K [0x0000000702a00000, 0x0000000800000000)
  region size 2048K, 33 young (67584K), 0 survivors (0K)
 Metaspace       used 86796K, committed 88064K, reserved 1179648K
  class space    used 12255K, committed 12864K, reserved 1048576K
}
Event: 76.095 GC heap after
{Heap after GC invocations=26 (full 1):
 garbage-first heap   total 124928K, used 46792K [0x0000000702a00000, 0x0000000800000000)
  region size 2048K, 3 young (6144K), 3 survivors (6144K)
 Metaspace       used 86796K, committed 88064K, reserved 1179648K
  class space    used 12255K, committed 12864K, reserved 1048576K
}
Event: 103.883 GC heap before
{Heap before GC invocations=27 (full 1):
 garbage-first heap   total 124928K, used 108232K [0x0000000702a00000, 0x0000000800000000)
  region size 2048K, 32 young (65536K), 3 survivors (6144K)
 Metaspace       used 86951K, committed 88192K, reserved 1179648K
  class space    used 12268K, committed 12864K, reserved 1048576K
}
Event: 103.895 GC heap after
{Heap after GC invocations=28 (full 1):
 garbage-first heap   total 124928K, used 49657K [0x0000000702a00000, 0x0000000800000000)
  region size 2048K, 1 young (2048K), 1 survivors (2048K)
 Metaspace       used 86951K, committed 88192K, reserved 1179648K
  class space    used 12268K, committed 12864K, reserved 1048576K
}

